Performing C++ SOURCE FILE Test CMAKE_HAVE_LIBC_PTHREAD failed with the following output:
Change Dir: C:/Users/Shahin Ostadahmadi/OneDrive - USN/Fagskolen i Viken/Qt_6_Fagskolen_2023/Uke_03_QObject_Macro_signals_slots/build-Uke_3-Desktop_Qt_6_4_1_MSVC2019_64bit-Debug/CMakeFiles/CMakeTmp

Run Build Command(s):C:/Qt/6.4.1/msvc2019_64/bin/ninja.exe cmTC_e86d5 && [1/2] Building CXX object CMakeFiles\cmTC_e86d5.dir\src.cxx.obj
FAILED: CMakeFiles/cmTC_e86d5.dir/src.cxx.obj 
C:\PROGRA~1\MIB055~1\2022\ENTERP~1\VC\Tools\MSVC\1434~1.319\bin\HostX86\x64\cl.exe  /nologo /TP -DCMAKE_HAVE_LIBC_PTHREAD  -DQT_QML_DEBUG /DWIN32 /D_WINDOWS /W3 /GR /EHsc  /MDd /Zi /Ob0 /Od /RTC1 -std:c++17 /showIncludes /FoCMakeFiles\cmTC_e86d5.dir\src.cxx.obj /FdCMakeFiles\cmTC_e86d5.dir\ /FS -c "C:\Users\Shahin Ostadahmadi\OneDrive - USN\Fagskolen i Viken\Qt_6_Fagskolen_2023\Uke_03_QObject_Macro_signals_slots\build-Uke_3-Desktop_Qt_6_4_1_MSVC2019_64bit-Debug\CMakeFiles\CMakeTmp\src.cxx"
C:\Users\Shahin Ostadahmadi\OneDrive - USN\Fagskolen i Viken\Qt_6_Fagskolen_2023\Uke_03_QObject_Macro_signals_slots\build-Uke_3-Desktop_Qt_6_4_1_MSVC2019_64bit-Debug\CMakeFiles\CMakeTmp\src.cxx(1): fatal error C1083: Cannot open include file: 'pthread.h': No such file or directory
ninja: build stopped: subcommand failed.


Source file was:
#include <pthread.h>

static void* test_func(void* data)
{
  return data;
}

int main(void)
{
  pthread_t thread;
  pthread_create(&thread, NULL, test_func, NULL);
  pthread_detach(thread);
  pthread_cancel(thread);
  pthread_join(thread, NULL);
  pthread_atfork(NULL, NULL, NULL);
  pthread_exit(NULL);

  return 0;
}

Determining if the function pthread_create exists in the pthreads failed with the following output:
Change Dir: C:/Users/Shahin Ostadahmadi/OneDrive - USN/Fagskolen i Viken/Qt_6_Fagskolen_2023/Uke_03_QObject_Macro_signals_slots/build-Uke_3-Desktop_Qt_6_4_1_MSVC2019_64bit-Debug/CMakeFiles/CMakeTmp

Run Build Command(s):C:/Qt/6.4.1/msvc2019_64/bin/ninja.exe cmTC_e6fd7 && [1/2] Building CXX object CMakeFiles\cmTC_e6fd7.dir\CheckFunctionExists.cxx.obj
[2/2] Linking CXX executable cmTC_e6fd7.exe
FAILED: cmTC_e6fd7.exe 
cmd.exe /C "cd . && C:\Qt\Tools\CMake_64\bin\cmake.exe -E vs_link_exe --intdir=CMakeFiles\cmTC_e6fd7.dir --rc=C:\PROGRA~2\WI3CF2~1\10\bin\100220~1.0\x86\rc.exe --mt=C:\PROGRA~2\WI3CF2~1\10\bin\100220~1.0\x86\mt.exe --manifests  -- C:\PROGRA~1\MIB055~1\2022\ENTERP~1\VC\Tools\MSVC\1434~1.319\bin\Hostx86\x64\link.exe /nologo CMakeFiles\cmTC_e6fd7.dir\CheckFunctionExists.cxx.obj  /out:cmTC_e6fd7.exe /implib:cmTC_e6fd7.lib /pdb:cmTC_e6fd7.pdb /version:0.0 /machine:x64  /debug /INCREMENTAL /subsystem:console  pthreads.lib  kernel32.lib user32.lib gdi32.lib winspool.lib shell32.lib ole32.lib oleaut32.lib uuid.lib comdlg32.lib advapi32.lib && cd ."
LINK Pass 1: command "C:\PROGRA~1\MIB055~1\2022\ENTERP~1\VC\Tools\MSVC\1434~1.319\bin\Hostx86\x64\link.exe /nologo CMakeFiles\cmTC_e6fd7.dir\CheckFunctionExists.cxx.obj /out:cmTC_e6fd7.exe /implib:cmTC_e6fd7.lib /pdb:cmTC_e6fd7.pdb /version:0.0 /machine:x64 /debug /INCREMENTAL /subsystem:console pthreads.lib kernel32.lib user32.lib gdi32.lib winspool.lib shell32.lib ole32.lib oleaut32.lib uuid.lib comdlg32.lib advapi32.lib /MANIFEST /MANIFESTFILE:CMakeFiles\cmTC_e6fd7.dir/intermediate.manifest CMakeFiles\cmTC_e6fd7.dir/manifest.res" failed (exit code 1104) with the following output:
LINK : fatal error LNK1104: cannot open file 'pthreads.lib'
ninja: build stopped: subcommand failed.



Determining if the function pthread_create exists in the pthread failed with the following output:
Change Dir: C:/Users/Shahin Ostadahmadi/OneDrive - USN/Fagskolen i Viken/Qt_6_Fagskolen_2023/Uke_03_QObject_Macro_signals_slots/build-Uke_3-Desktop_Qt_6_4_1_MSVC2019_64bit-Debug/CMakeFiles/CMakeTmp

Run Build Command(s):C:/Qt/6.4.1/msvc2019_64/bin/ninja.exe cmTC_cac65 && [1/2] Building CXX object CMakeFiles\cmTC_cac65.dir\CheckFunctionExists.cxx.obj
[2/2] Linking CXX executable cmTC_cac65.exe
FAILED: cmTC_cac65.exe 
cmd.exe /C "cd . && C:\Qt\Tools\CMake_64\bin\cmake.exe -E vs_link_exe --intdir=CMakeFiles\cmTC_cac65.dir --rc=C:\PROGRA~2\WI3CF2~1\10\bin\100220~1.0\x86\rc.exe --mt=C:\PROGRA~2\WI3CF2~1\10\bin\100220~1.0\x86\mt.exe --manifests  -- C:\PROGRA~1\MIB055~1\2022\ENTERP~1\VC\Tools\MSVC\1434~1.319\bin\Hostx86\x64\link.exe /nologo CMakeFiles\cmTC_cac65.dir\CheckFunctionExists.cxx.obj  /out:cmTC_cac65.exe /implib:cmTC_cac65.lib /pdb:cmTC_cac65.pdb /version:0.0 /machine:x64  /debug /INCREMENTAL /subsystem:console  pthread.lib  kernel32.lib user32.lib gdi32.lib winspool.lib shell32.lib ole32.lib oleaut32.lib uuid.lib comdlg32.lib advapi32.lib && cd ."
LINK Pass 1: command "C:\PROGRA~1\MIB055~1\2022\ENTERP~1\VC\Tools\MSVC\1434~1.319\bin\Hostx86\x64\link.exe /nologo CMakeFiles\cmTC_cac65.dir\CheckFunctionExists.cxx.obj /out:cmTC_cac65.exe /implib:cmTC_cac65.lib /pdb:cmTC_cac65.pdb /version:0.0 /machine:x64 /debug /INCREMENTAL /subsystem:console pthread.lib kernel32.lib user32.lib gdi32.lib winspool.lib shell32.lib ole32.lib oleaut32.lib uuid.lib comdlg32.lib advapi32.lib /MANIFEST /MANIFESTFILE:CMakeFiles\cmTC_cac65.dir/intermediate.manifest CMakeFiles\cmTC_cac65.dir/manifest.res" failed (exit code 1104) with the following output:
LINK : fatal error LNK1104: cannot open file 'pthread.lib'
ninja: build stopped: subcommand failed.



